{"type":"API","session":"default","level":"warn","message":"   API : No client in session default","timestamp":"2015-05-10T10:56:06.601Z"}
{"type":"DASHBOARD","session":"default","level":"info","message":"   DASHBOARD : New Dashboard with session id : default","timestamp":"2015-05-10T10:56:07.197Z"}
{"type":"DASHBOARD","session":"default","level":"info","message":"   DASHBOARD : No client selected for this dashboad on this session : default","timestamp":"2015-05-10T10:56:07.199Z"}
{"type":"DASHBOARD","dashboard":"default","level":"info","message":"   DASHBOARD : Delete dashboard socket 3SQA-Z24GlXT_SdKAAAA for session default(default)","timestamp":"2015-05-10T10:56:10.064Z"}
{"type":"API","session":"default","level":"warn","message":"   API : No client in session default","timestamp":"2015-05-10T10:56:10.660Z"}
{"type":"DASHBOARD","session":"default","level":"info","message":"   DASHBOARD : New Dashboard with session id : default","timestamp":"2015-05-10T10:56:11.480Z"}
{"type":"DASHBOARD","session":"default","level":"info","message":"   DASHBOARD : No client selected for this dashboad on this session : default","timestamp":"2015-05-10T10:56:11.481Z"}
{"type":"DASHBOARD","dashboard":"default","level":"info","message":"   DASHBOARD : Delete dashboard socket Jc2REqX6wCVNLqM-AAAC for session default(default)","timestamp":"2015-05-10T10:57:31.948Z"}
{"type":"API","session":"default","level":"warn","message":"   API : No client in session default","timestamp":"2015-05-10T10:57:32.519Z"}
{"type":"DASHBOARD","session":"default","level":"info","message":"   DASHBOARD : New Dashboard with session id : default","timestamp":"2015-05-10T10:57:33.178Z"}
{"type":"DASHBOARD","session":"default","level":"info","message":"   DASHBOARD : No client selected for this dashboad on this session : default","timestamp":"2015-05-10T10:57:33.179Z"}
{"type":"DASHBOARD","dashboard":"default","level":"info","message":"   DASHBOARD : Delete dashboard socket Une_bCMn_V-9fn_-AAAE for session default(default)","timestamp":"2015-05-10T11:01:03.939Z"}
{"type":"API","session":"default","level":"warn","message":"   API : No client in session default","timestamp":"2015-05-10T11:01:04.538Z"}
{"type":"DASHBOARD","session":"default","level":"info","message":"   DASHBOARD : New Dashboard with session id : default","timestamp":"2015-05-10T11:01:05.084Z"}
{"type":"DASHBOARD","session":"default","level":"info","message":"   DASHBOARD : No client selected for this dashboad on this session : default","timestamp":"2015-05-10T11:01:05.085Z"}
{"type":"DASHBOARD","dashboard":"default","level":"info","message":"   DASHBOARD : Delete dashboard socket uKAGXdrujZXo8IgJAAAG for session default(default)","timestamp":"2015-05-10T11:01:12.269Z"}
{"type":"API","session":"default","level":"warn","message":"   API : No client in session default","timestamp":"2015-05-10T11:01:12.854Z"}
{"type":"DASHBOARD","session":"default","level":"info","message":"   DASHBOARD : New Dashboard with session id : default","timestamp":"2015-05-10T11:01:13.346Z"}
{"type":"DASHBOARD","session":"default","level":"info","message":"   DASHBOARD : No client selected for this dashboad on this session : default","timestamp":"2015-05-10T11:01:13.346Z"}
{"type":"PLUGIN","session":"default","level":"info","message":"   PLUGIN : Send Refresh clientlist to dashboard (0)[Mozilla/5.0 (X11; Linux i686) AppleWebKit/537.36 (KHTML, like Gecko) Chrome/42.0.2311.135 Safari/537.36] on sessionid : default socketid = D5-sCmXfPXocyukkAAAK","timestamp":"2015-05-10T11:02:08.739Z"}
{"type":"PLUGIN","session":"default","level":"info","message":"   PLUGIN : New client (0)[Mozilla/5.0 (X11; Linux i686) AppleWebKit/537.36 (KHTML, like Gecko) Chrome/42.0.2311.135 Safari/537.36] on sessionid : default socketid = D5-sCmXfPXocyukkAAAK","timestamp":"2015-05-10T11:02:08.743Z"}
{"type":"PLUGIN","session":"default","level":"info","message":"   PLUGIN : Number clients in session : 01","timestamp":"2015-05-10T11:02:08.744Z"}
{"type":"PLUGIN","session":"default","level":"info","message":"   PLUGIN : New client (0) wait...","timestamp":"2015-05-10T11:02:08.744Z"}
{"type":"API","session":"default","level":"info","message":"   API : GetClients nb client 1 in session default","timestamp":"2015-05-10T11:02:08.798Z"}
{"type":"DASHBOARD","dashboard":"default","level":"info","message":"   DASHBOARD : Delete dashboard socket mAHPo0w0Fg5MINKlAAAI for session default(default)","timestamp":"2015-05-10T11:02:17.614Z"}
{"type":"API","session":"default","level":"info","message":"   API : GetClients nb client 1 in session default","timestamp":"2015-05-10T11:02:18.190Z"}
{"type":"DASHBOARD","session":"default","level":"info","message":"   DASHBOARD : New Dashboard with session id : default","timestamp":"2015-05-10T11:02:18.880Z"}
{"type":"DASHBOARD","session":"default","level":"info","message":"   DASHBOARD : Client selected for this dashboad = 00483d23-ef3b-4045-a012-a21737e502fd","timestamp":"2015-05-10T11:02:18.881Z"}
{"type":"DASHBOARD","session":"default","level":"info","message":"   DASHBOARD : Change currentClient on dashboar919e0c49-d052-4106-a69e-2ae586b79800","timestamp":"2015-05-10T11:02:18.881Z"}
{"type":"DASHBOARD","session":"default","level":"info","message":"   DASHBOARD : Send helo to this socketid : D5-sCmXfPXocyukkAAAK","timestamp":"2015-05-10T11:02:18.882Z"}
{"type":"DASHBOARD","session":"default","level":"info","message":"   DASHBOARD : Send helo to Dashboard on this sessionid : default","timestamp":"2015-05-10T11:02:18.883Z"}
{"type":"PLUGIN","session":"default","level":"info","message":"   PLUGIN : Send RefreshClients to Dashboard D5-sCmXfPXocyukkAAAK for session default(default) ","timestamp":"2015-05-10T11:02:35.437Z"}
{"type":"PLUGIN","session":"default","level":"info","message":"   PLUGIN : Client Close D5-sCmXfPXocyukkAAAK for session default(default) ","timestamp":"2015-05-10T11:02:35.438Z"}
{"type":"API","session":"default","level":"info","message":"   API : GetClients nb client 0 in session default","timestamp":"2015-05-10T11:02:35.452Z"}
{"type":"PLUGIN","session":"default","level":"info","message":"   PLUGIN : Send Refresh clientlist to dashboard (0)[Mozilla/5.0 (X11; Linux i686) AppleWebKit/537.36 (KHTML, like Gecko) Chrome/42.0.2311.135 Safari/537.36] on sessionid : default socketid = ZPRUMqKURxkb136vAAAO","timestamp":"2015-05-10T11:03:55.516Z"}
{"type":"PLUGIN","session":"default","level":"info","message":"   PLUGIN : New client (0)[Mozilla/5.0 (X11; Linux i686) AppleWebKit/537.36 (KHTML, like Gecko) Chrome/42.0.2311.135 Safari/537.36] on sessionid : default socketid = ZPRUMqKURxkb136vAAAO","timestamp":"2015-05-10T11:03:55.517Z"}
{"type":"PLUGIN","session":"default","level":"info","message":"   PLUGIN : Number clients in session : 01","timestamp":"2015-05-10T11:03:55.517Z"}
{"type":"PLUGIN","session":"default","level":"info","message":"   PLUGIN : New client (0) wait...","timestamp":"2015-05-10T11:03:55.518Z"}
{"type":"API","session":"default","level":"info","message":"   API : GetClients nb client 1 in session default","timestamp":"2015-05-10T11:03:55.554Z"}
{"type":"DASHBOARD","dashboard":"default","level":"info","message":"   DASHBOARD : Delete dashboard socket h6i7gMDO_MYxiHrWAAAM for session default(default)","timestamp":"2015-05-10T11:04:02.018Z"}
{"type":"API","session":"default","level":"info","message":"   API : GetClients nb client 1 in session default","timestamp":"2015-05-10T11:04:02.517Z"}
{"type":"DASHBOARD","session":"default","level":"info","message":"   DASHBOARD : New Dashboard with session id : default","timestamp":"2015-05-10T11:04:03.105Z"}
{"type":"DASHBOARD","session":"default","level":"info","message":"   DASHBOARD : Client selected for this dashboad = cce87736-2bb5-4ca1-90e4-c02e36f507fc","timestamp":"2015-05-10T11:04:03.106Z"}
{"type":"DASHBOARD","session":"default","level":"info","message":"   DASHBOARD : Change currentClient on dashboar919e0c49-d052-4106-a69e-2ae586b79800","timestamp":"2015-05-10T11:04:03.107Z"}
{"type":"DASHBOARD","session":"default","level":"info","message":"   DASHBOARD : Send helo to this socketid : ZPRUMqKURxkb136vAAAO","timestamp":"2015-05-10T11:04:03.108Z"}
{"type":"DASHBOARD","session":"default","level":"info","message":"   DASHBOARD : Send helo to Dashboard on this sessionid : default","timestamp":"2015-05-10T11:04:03.109Z"}
{"type":"DASHBOARD","dashboard":"default","level":"info","message":"   DASHBOARD : Delete dashboard socket V1CdgQ0rvs9ePGwPAAAQ for session default(default)","timestamp":"2015-05-10T11:04:12.708Z"}
{"type":"API","session":"default","level":"info","message":"   API : GetClients nb client 1 in session default","timestamp":"2015-05-10T11:04:13.306Z"}
{"type":"DASHBOARD","session":"default","level":"info","message":"   DASHBOARD : New Dashboard with session id : default","timestamp":"2015-05-10T11:04:13.863Z"}
{"type":"DASHBOARD","session":"default","level":"info","message":"   DASHBOARD : Client selected for this dashboad = cce87736-2bb5-4ca1-90e4-c02e36f507fc","timestamp":"2015-05-10T11:04:13.865Z"}
{"type":"DASHBOARD","session":"default","level":"info","message":"   DASHBOARD : Change currentClient on dashboar919e0c49-d052-4106-a69e-2ae586b79800","timestamp":"2015-05-10T11:04:13.866Z"}
{"type":"DASHBOARD","session":"default","level":"info","message":"   DASHBOARD : Send helo to this socketid : ZPRUMqKURxkb136vAAAO","timestamp":"2015-05-10T11:04:13.866Z"}
{"type":"DASHBOARD","session":"default","level":"info","message":"   DASHBOARD : Send helo to Dashboard on this sessionid : default","timestamp":"2015-05-10T11:04:13.867Z"}
{"type":"DASHBOARD","session":"default","level":"info","message":"   DASHBOARD : Received identify for sessionid : default","timestamp":"2015-05-10T11:04:22.356Z"}
{"type":"DASHBOARD","session":"default","level":"info","message":"   DASHBOARD : Dashboard send identify 0 to socketid : ZPRUMqKURxkb136vAAAO","timestamp":"2015-05-10T11:04:22.357Z"}
{"type":"DASHBOARD","session":"default","level":"info","message":"   DASHBOARD : Send 0 identify(s)","timestamp":"2015-05-10T11:04:22.358Z"}
{"type":"DASHBOARD","dashboard":"default","level":"info","message":"   DASHBOARD : Delete dashboard socket ZistHVKaBzIyVllAAAAS for session default(default)","timestamp":"2015-05-10T11:04:25.259Z"}
{"type":"API","session":"default","level":"info","message":"   API : GetClients nb client 1 in session default","timestamp":"2015-05-10T11:04:25.581Z"}
{"type":"DASHBOARD","session":"default","level":"info","message":"   DASHBOARD : New Dashboard with session id : default","timestamp":"2015-05-10T11:04:25.987Z"}
{"type":"DASHBOARD","session":"default","level":"info","message":"   DASHBOARD : Client selected for this dashboad = cce87736-2bb5-4ca1-90e4-c02e36f507fc","timestamp":"2015-05-10T11:04:25.988Z"}
{"type":"DASHBOARD","session":"default","level":"info","message":"   DASHBOARD : Change currentClient on dashboar919e0c49-d052-4106-a69e-2ae586b79800","timestamp":"2015-05-10T11:04:25.989Z"}
{"type":"DASHBOARD","session":"default","level":"info","message":"   DASHBOARD : Send helo to this socketid : ZPRUMqKURxkb136vAAAO","timestamp":"2015-05-10T11:04:25.990Z"}
{"type":"DASHBOARD","session":"default","level":"info","message":"   DASHBOARD : Send helo to Dashboard on this sessionid : default","timestamp":"2015-05-10T11:04:25.991Z"}
{"type":"DASHBOARD","dashboard":"default","level":"info","message":"   DASHBOARD : Delete dashboard socket UjdBs87Sn0fGFPbCAAAU for session default(default)","timestamp":"2015-05-10T11:04:42.352Z"}
{"type":"API","session":"default","level":"info","message":"   API : GetClients nb client 1 in session default","timestamp":"2015-05-10T11:04:43.019Z"}
{"type":"DASHBOARD","session":"default","level":"info","message":"   DASHBOARD : New Dashboard with session id : default","timestamp":"2015-05-10T11:04:43.578Z"}
{"type":"DASHBOARD","session":"default","level":"info","message":"   DASHBOARD : Client selected for this dashboad = cce87736-2bb5-4ca1-90e4-c02e36f507fc","timestamp":"2015-05-10T11:04:43.581Z"}
{"type":"DASHBOARD","session":"default","level":"info","message":"   DASHBOARD : Change currentClient on dashboar919e0c49-d052-4106-a69e-2ae586b79800","timestamp":"2015-05-10T11:04:43.581Z"}
{"type":"DASHBOARD","session":"default","level":"info","message":"   DASHBOARD : Send helo to this socketid : ZPRUMqKURxkb136vAAAO","timestamp":"2015-05-10T11:04:43.583Z"}
{"type":"DASHBOARD","session":"default","level":"info","message":"   DASHBOARD : Send helo to Dashboard on this sessionid : default","timestamp":"2015-05-10T11:04:43.584Z"}
{"type":"PLUGIN","session":"default","level":"info","message":"   PLUGIN : Delete client socket ZPRUMqKURxkb136vAAAO for session default(default) ","timestamp":"2015-05-10T11:06:08.616Z"}
{"type":"PLUGIN","session":"default","level":"info","message":"   PLUGIN : Send Refresh clientlist to dashboard (1)[Mozilla/5.0 (X11; Linux i686) AppleWebKit/537.36 (KHTML, like Gecko) Chrome/42.0.2311.135 Safari/537.36] on sessionid : default socketid = _gF2Oz6eeIqRIM_jAAAY","timestamp":"2015-05-10T11:18:04.577Z"}
{"type":"PLUGIN","session":"default","level":"info","message":"   PLUGIN : New client (1)[Mozilla/5.0 (X11; Linux i686) AppleWebKit/537.36 (KHTML, like Gecko) Chrome/42.0.2311.135 Safari/537.36] on sessionid : default socketid = _gF2Oz6eeIqRIM_jAAAY","timestamp":"2015-05-10T11:18:04.578Z"}
{"type":"PLUGIN","session":"default","level":"info","message":"   PLUGIN : Number clients in session : 11","timestamp":"2015-05-10T11:18:04.586Z"}
{"type":"PLUGIN","session":"default","level":"info","message":"   PLUGIN : New client (1) wait...","timestamp":"2015-05-10T11:18:04.587Z"}
{"type":"API","session":"default","level":"info","message":"   API : GetClients nb client 1 in session default","timestamp":"2015-05-10T11:18:04.613Z"}
{"type":"PLUGIN","session":"default","level":"info","message":"   PLUGIN : Send RefreshClients to Dashboard _gF2Oz6eeIqRIM_jAAAY for session default(default) ","timestamp":"2015-05-10T11:18:05.295Z"}
{"type":"PLUGIN","session":"default","level":"info","message":"   PLUGIN : Client Close _gF2Oz6eeIqRIM_jAAAY for session default(default) ","timestamp":"2015-05-10T11:18:05.296Z"}
{"type":"API","session":"default","level":"info","message":"   API : GetClients nb client 0 in session default","timestamp":"2015-05-10T11:18:05.316Z"}
{"type":"PLUGIN","session":"default","level":"info","message":"   PLUGIN : Send Refresh clientlist to dashboard (0)[Mozilla/5.0 (X11; Linux i686) AppleWebKit/537.36 (KHTML, like Gecko) Chrome/42.0.2311.135 Safari/537.36] on sessionid : default socketid = yml-ih8na3GVHOQ-AAAa","timestamp":"2015-05-10T11:18:56.629Z"}
{"type":"PLUGIN","session":"default","level":"info","message":"   PLUGIN : New client (0)[Mozilla/5.0 (X11; Linux i686) AppleWebKit/537.36 (KHTML, like Gecko) Chrome/42.0.2311.135 Safari/537.36] on sessionid : default socketid = yml-ih8na3GVHOQ-AAAa","timestamp":"2015-05-10T11:18:56.631Z"}
{"type":"PLUGIN","session":"default","level":"info","message":"   PLUGIN : Number clients in session : 01","timestamp":"2015-05-10T11:18:56.632Z"}
{"type":"PLUGIN","session":"default","level":"info","message":"   PLUGIN : New client (0) wait...","timestamp":"2015-05-10T11:18:56.633Z"}
{"type":"API","session":"default","level":"info","message":"   API : GetClients nb client 1 in session default","timestamp":"2015-05-10T11:18:56.692Z"}
{"type":"DASHBOARD","dashboard":"default","level":"info","message":"   DASHBOARD : Delete dashboard socket Jd9t91nQypQwi96IAAAW for session default(default)","timestamp":"2015-05-10T11:19:06.139Z"}
{"type":"API","session":"default","level":"info","message":"   API : GetClients nb client 1 in session default","timestamp":"2015-05-10T11:19:06.694Z"}
{"type":"DASHBOARD","session":"default","level":"info","message":"   DASHBOARD : New Dashboard with session id : default","timestamp":"2015-05-10T11:19:07.376Z"}
{"type":"DASHBOARD","session":"default","level":"info","message":"   DASHBOARD : Client selected for this dashboad = f8ff4faf-2d6a-41b5-a338-adffc5d9c92b","timestamp":"2015-05-10T11:19:07.377Z"}
{"type":"DASHBOARD","session":"default","level":"info","message":"   DASHBOARD : Change currentClient on dashboar919e0c49-d052-4106-a69e-2ae586b79800","timestamp":"2015-05-10T11:19:07.377Z"}
{"type":"DASHBOARD","session":"default","level":"info","message":"   DASHBOARD : Send helo to this socketid : yml-ih8na3GVHOQ-AAAa","timestamp":"2015-05-10T11:19:07.378Z"}
{"type":"DASHBOARD","session":"default","level":"info","message":"   DASHBOARD : Send helo to Dashboard on this sessionid : default","timestamp":"2015-05-10T11:19:07.379Z"}
{"type":"DASHBOARD","session":"default","level":"info","message":"   DASHBOARD : Send message to socketid : yml-ih8na3GVHOQ-AAAa","timestamp":"2015-05-10T11:19:13.172Z"}
{"type":"DASHBOARD","session":"default","level":"info","message":"   DASHBOARD : Send 0 message(s)","timestamp":"2015-05-10T11:19:13.174Z"}
{"type":"DASHBOARD","session":"default","level":"info","message":"   DASHBOARD : Send message to socketid : yml-ih8na3GVHOQ-AAAa","timestamp":"2015-05-10T11:19:16.284Z"}
{"type":"DASHBOARD","session":"default","level":"info","message":"   DASHBOARD : Send 0 message(s)","timestamp":"2015-05-10T11:19:16.285Z"}
{"type":"DASHBOARD","session":"default","level":"info","message":"   DASHBOARD : Send message to socketid : yml-ih8na3GVHOQ-AAAa","timestamp":"2015-05-10T11:19:35.877Z"}
{"type":"DASHBOARD","session":"default","level":"info","message":"   DASHBOARD : Send 0 message(s)","timestamp":"2015-05-10T11:19:35.877Z"}
{"type":"DASHBOARD","session":"default","level":"info","message":"   DASHBOARD : Send message to socketid : yml-ih8na3GVHOQ-AAAa","timestamp":"2015-05-10T11:19:35.900Z"}
{"type":"DASHBOARD","session":"default","level":"info","message":"   DASHBOARD : Send 0 message(s)","timestamp":"2015-05-10T11:19:35.900Z"}
{"type":"DASHBOARD","session":"default","level":"info","message":"   DASHBOARD : Send message to socketid : yml-ih8na3GVHOQ-AAAa","timestamp":"2015-05-10T11:19:44.520Z"}
{"type":"DASHBOARD","session":"default","level":"info","message":"   DASHBOARD : Send 0 message(s)","timestamp":"2015-05-10T11:19:44.521Z"}
{"type":"DASHBOARD","session":"default","level":"info","message":"   DASHBOARD : Send message to socketid : yml-ih8na3GVHOQ-AAAa","timestamp":"2015-05-10T11:19:44.610Z"}
{"type":"DASHBOARD","session":"default","level":"info","message":"   DASHBOARD : Send 0 message(s)","timestamp":"2015-05-10T11:19:44.610Z"}
{"type":"DASHBOARD","session":"default","level":"info","message":"   DASHBOARD : Send message to socketid : yml-ih8na3GVHOQ-AAAa","timestamp":"2015-05-10T11:19:51.361Z"}
{"type":"DASHBOARD","session":"default","level":"info","message":"   DASHBOARD : Send 0 message(s)","timestamp":"2015-05-10T11:19:51.362Z"}
{"type":"DASHBOARD","session":"default","level":"info","message":"   DASHBOARD : Send message to socketid : yml-ih8na3GVHOQ-AAAa","timestamp":"2015-05-10T11:20:14.396Z"}
{"type":"DASHBOARD","session":"default","level":"info","message":"   DASHBOARD : Send 0 message(s)","timestamp":"2015-05-10T11:20:14.399Z"}
{"type":"DASHBOARD","session":"default","level":"info","message":"   DASHBOARD : Send message to socketid : yml-ih8na3GVHOQ-AAAa","timestamp":"2015-05-10T11:20:14.465Z"}
{"type":"DASHBOARD","session":"default","level":"info","message":"   DASHBOARD : Send 0 message(s)","timestamp":"2015-05-10T11:20:14.466Z"}
{"type":"DASHBOARD","session":"default","level":"info","message":"   DASHBOARD : Send message to socketid : yml-ih8na3GVHOQ-AAAa","timestamp":"2015-05-10T11:20:16.208Z"}
{"type":"DASHBOARD","session":"default","level":"info","message":"   DASHBOARD : Send 0 message(s)","timestamp":"2015-05-10T11:20:16.209Z"}
{"type":"DASHBOARD","session":"default","level":"info","message":"   DASHBOARD : Send message to socketid : yml-ih8na3GVHOQ-AAAa","timestamp":"2015-05-10T11:20:16.249Z"}
{"type":"DASHBOARD","session":"default","level":"info","message":"   DASHBOARD : Send 0 message(s)","timestamp":"2015-05-10T11:20:16.249Z"}
{"type":"DASHBOARD","session":"default","level":"info","message":"   DASHBOARD : Send message to socketid : yml-ih8na3GVHOQ-AAAa","timestamp":"2015-05-10T11:20:18.518Z"}
{"type":"DASHBOARD","session":"default","level":"info","message":"   DASHBOARD : Send 0 message(s)","timestamp":"2015-05-10T11:20:18.519Z"}
{"type":"DASHBOARD","session":"default","level":"info","message":"   DASHBOARD : Send message to socketid : yml-ih8na3GVHOQ-AAAa","timestamp":"2015-05-10T11:20:18.536Z"}
{"type":"DASHBOARD","session":"default","level":"info","message":"   DASHBOARD : Send 0 message(s)","timestamp":"2015-05-10T11:20:18.536Z"}
{"type":"DASHBOARD","session":"default","level":"info","message":"   DASHBOARD : Send message to socketid : yml-ih8na3GVHOQ-AAAa","timestamp":"2015-05-10T11:20:20.569Z"}
{"type":"DASHBOARD","session":"default","level":"info","message":"   DASHBOARD : Send 0 message(s)","timestamp":"2015-05-10T11:20:20.569Z"}
{"type":"DASHBOARD","session":"default","level":"info","message":"   DASHBOARD : Send message to socketid : yml-ih8na3GVHOQ-AAAa","timestamp":"2015-05-10T11:20:20.620Z"}
{"type":"DASHBOARD","session":"default","level":"info","message":"   DASHBOARD : Send 0 message(s)","timestamp":"2015-05-10T11:20:20.621Z"}
{"type":"PLUGIN","session":"default","level":"info","message":"   PLUGIN : Send RefreshClients to Dashboard yml-ih8na3GVHOQ-AAAa for session default(default) ","timestamp":"2015-05-10T11:20:25.346Z"}
{"type":"PLUGIN","session":"default","level":"info","message":"   PLUGIN : Client Close yml-ih8na3GVHOQ-AAAa for session default(default) ","timestamp":"2015-05-10T11:20:25.347Z"}
{"type":"API","session":"default","level":"info","message":"   API : GetClients nb client 0 in session default","timestamp":"2015-05-10T11:20:25.359Z"}
{"type":"PLUGIN","session":"default","level":"info","message":"   PLUGIN : Send Refresh clientlist to dashboard (0)[Mozilla/5.0 (X11; Linux i686) AppleWebKit/537.36 (KHTML, like Gecko) Chrome/42.0.2311.135 Safari/537.36] on sessionid : default socketid = nsINsP0KhSFdKXbtAAAe","timestamp":"2015-05-10T11:22:08.153Z"}
{"type":"PLUGIN","session":"default","level":"info","message":"   PLUGIN : New client (0)[Mozilla/5.0 (X11; Linux i686) AppleWebKit/537.36 (KHTML, like Gecko) Chrome/42.0.2311.135 Safari/537.36] on sessionid : default socketid = nsINsP0KhSFdKXbtAAAe","timestamp":"2015-05-10T11:22:08.153Z"}
{"type":"PLUGIN","session":"default","level":"info","message":"   PLUGIN : Number clients in session : 01","timestamp":"2015-05-10T11:22:08.154Z"}
{"type":"PLUGIN","session":"default","level":"info","message":"   PLUGIN : New client (0) wait...","timestamp":"2015-05-10T11:22:08.154Z"}
{"type":"API","session":"default","level":"info","message":"   API : GetClients nb client 1 in session default","timestamp":"2015-05-10T11:22:08.177Z"}
{"type":"PLUGIN","session":"default","level":"info","message":"   PLUGIN : Send Refresh clientlist to dashboard (1)[Mozilla/5.0 (X11; Linux i686) AppleWebKit/537.36 (KHTML, like Gecko) Chrome/42.0.2311.135 Safari/537.36] on sessionid : default socketid = 6sv6i4o4lQX9s1pbAAAg","timestamp":"2015-05-10T11:22:08.207Z"}
{"type":"PLUGIN","session":"default","level":"info","message":"   PLUGIN : New client (1)[Mozilla/5.0 (X11; Linux i686) AppleWebKit/537.36 (KHTML, like Gecko) Chrome/42.0.2311.135 Safari/537.36] on sessionid : default socketid = 6sv6i4o4lQX9s1pbAAAg","timestamp":"2015-05-10T11:22:08.208Z"}
{"type":"PLUGIN","session":"default","level":"info","message":"   PLUGIN : Number clients in session : 11","timestamp":"2015-05-10T11:22:08.215Z"}
{"type":"PLUGIN","session":"default","level":"info","message":"   PLUGIN : New client (1) wait...","timestamp":"2015-05-10T11:22:08.223Z"}
{"type":"API","session":"default","level":"info","message":"   API : GetClients nb client 2 in session default","timestamp":"2015-05-10T11:22:08.232Z"}
{"type":"PLUGIN","session":"default","level":"info","message":"   PLUGIN : Delete client socket 6sv6i4o4lQX9s1pbAAAg for session default(default) ","timestamp":"2015-05-10T11:22:11.426Z"}
{"type":"PLUGIN","session":"default","level":"info","message":"   PLUGIN : Send Refresh clientlist to dashboard (2)[Mozilla/5.0 (X11; Linux i686) AppleWebKit/537.36 (KHTML, like Gecko) Chrome/42.0.2311.135 Safari/537.36] on sessionid : default socketid = ZdkNvnD8t5dEAEoIAAAi","timestamp":"2015-05-10T11:22:12.581Z"}
{"type":"PLUGIN","session":"default","level":"info","message":"   PLUGIN : New client (2)[Mozilla/5.0 (X11; Linux i686) AppleWebKit/537.36 (KHTML, like Gecko) Chrome/42.0.2311.135 Safari/537.36] on sessionid : default socketid = ZdkNvnD8t5dEAEoIAAAi","timestamp":"2015-05-10T11:22:12.582Z"}
{"type":"PLUGIN","session":"default","level":"info","message":"   PLUGIN : Number clients in session : 21","timestamp":"2015-05-10T11:22:12.582Z"}
{"type":"PLUGIN","session":"default","level":"info","message":"   PLUGIN : New client (2) wait...","timestamp":"2015-05-10T11:22:12.583Z"}
{"type":"PLUGIN","session":"default","level":"info","message":"   PLUGIN : Send Refresh clientlist to dashboard (3)[Mozilla/5.0 (X11; Linux i686) AppleWebKit/537.36 (KHTML, like Gecko) Chrome/42.0.2311.135 Safari/537.36] on sessionid : default socketid = RmdteO5lzU0qTg1IAAAk","timestamp":"2015-05-10T11:22:12.608Z"}
{"type":"PLUGIN","session":"default","level":"info","message":"   PLUGIN : New client (3)[Mozilla/5.0 (X11; Linux i686) AppleWebKit/537.36 (KHTML, like Gecko) Chrome/42.0.2311.135 Safari/537.36] on sessionid : default socketid = RmdteO5lzU0qTg1IAAAk","timestamp":"2015-05-10T11:22:12.609Z"}
{"type":"PLUGIN","session":"default","level":"info","message":"   PLUGIN : Number clients in session : 31","timestamp":"2015-05-10T11:22:12.609Z"}
{"type":"PLUGIN","session":"default","level":"info","message":"   PLUGIN : New client (3) wait...","timestamp":"2015-05-10T11:22:12.610Z"}
{"type":"API","session":"default","level":"info","message":"   API : GetClients nb client 3 in session default","timestamp":"2015-05-10T11:22:12.639Z"}
{"type":"API","session":"default","level":"info","message":"   API : GetClients nb client 3 in session default","timestamp":"2015-05-10T11:22:12.650Z"}
{"type":"PLUGIN","session":"default","level":"info","message":"   PLUGIN : Send RefreshClients to Dashboard nsINsP0KhSFdKXbtAAAe for session default(default) ","timestamp":"2015-05-10T11:22:15.753Z"}
{"type":"PLUGIN","session":"default","level":"info","message":"   PLUGIN : Client Close nsINsP0KhSFdKXbtAAAe for session default(default) ","timestamp":"2015-05-10T11:22:15.754Z"}
{"type":"PLUGIN","session":"default","level":"info","message":"   PLUGIN : Send RefreshClients to Dashboard RmdteO5lzU0qTg1IAAAk for session default(default) ","timestamp":"2015-05-10T11:22:15.756Z"}
{"type":"PLUGIN","session":"default","level":"info","message":"   PLUGIN : Client Close RmdteO5lzU0qTg1IAAAk for session default(default) ","timestamp":"2015-05-10T11:22:15.757Z"}
{"type":"PLUGIN","session":"default","level":"info","message":"   PLUGIN : Send RefreshClients to Dashboard ZdkNvnD8t5dEAEoIAAAi for session default(default) ","timestamp":"2015-05-10T11:22:15.760Z"}
{"type":"PLUGIN","session":"default","level":"info","message":"   PLUGIN : Client Close ZdkNvnD8t5dEAEoIAAAi for session default(default) ","timestamp":"2015-05-10T11:22:15.761Z"}
{"type":"API","session":"default","level":"info","message":"   API : GetClients nb client 0 in session default","timestamp":"2015-05-10T11:22:15.801Z"}
{"type":"API","session":"default","level":"info","message":"   API : GetClients nb client 0 in session default","timestamp":"2015-05-10T11:22:15.803Z"}
{"type":"API","session":"default","level":"info","message":"   API : GetClients nb client 0 in session default","timestamp":"2015-05-10T11:22:15.805Z"}
{"type":"PLUGIN","session":"default","level":"info","message":"   PLUGIN : Send Refresh clientlist to dashboard (0)[Mozilla/5.0 (X11; Linux i686) AppleWebKit/537.36 (KHTML, like Gecko) Chrome/42.0.2311.135 Safari/537.36] on sessionid : default socketid = 91j0azvXGYqYAzlqAAAo","timestamp":"2015-05-10T11:25:03.100Z"}
{"type":"PLUGIN","session":"default","level":"info","message":"   PLUGIN : New client (0)[Mozilla/5.0 (X11; Linux i686) AppleWebKit/537.36 (KHTML, like Gecko) Chrome/42.0.2311.135 Safari/537.36] on sessionid : default socketid = 91j0azvXGYqYAzlqAAAo","timestamp":"2015-05-10T11:25:03.101Z"}
{"type":"PLUGIN","session":"default","level":"info","message":"   PLUGIN : Number clients in session : 01","timestamp":"2015-05-10T11:25:03.102Z"}
{"type":"PLUGIN","session":"default","level":"info","message":"   PLUGIN : New client (0) wait...","timestamp":"2015-05-10T11:25:03.102Z"}
{"type":"API","session":"default","level":"info","message":"   API : GetClients nb client 1 in session default","timestamp":"2015-05-10T11:25:03.140Z"}
{"type":"PLUGIN","session":"default","level":"info","message":"   PLUGIN : Send RefreshClients to Dashboard 91j0azvXGYqYAzlqAAAo for session default(default) ","timestamp":"2015-05-10T11:25:03.475Z"}
{"type":"PLUGIN","session":"default","level":"info","message":"   PLUGIN : Client Close 91j0azvXGYqYAzlqAAAo for session default(default) ","timestamp":"2015-05-10T11:25:03.476Z"}
{"type":"API","session":"default","level":"info","message":"   API : GetClients nb client 0 in session default","timestamp":"2015-05-10T11:25:03.485Z"}
{"type":"PLUGIN","session":"default","level":"info","message":"   PLUGIN : Send Refresh clientlist to dashboard (0)[Mozilla/5.0 (X11; Linux i686) AppleWebKit/537.36 (KHTML, like Gecko) Chrome/42.0.2311.135 Safari/537.36] on sessionid : default socketid = 0y_70L4riYjc5ntxAAAr","timestamp":"2015-05-10T11:25:45.627Z"}
{"type":"PLUGIN","session":"default","level":"info","message":"   PLUGIN : New client (0)[Mozilla/5.0 (X11; Linux i686) AppleWebKit/537.36 (KHTML, like Gecko) Chrome/42.0.2311.135 Safari/537.36] on sessionid : default socketid = 0y_70L4riYjc5ntxAAAr","timestamp":"2015-05-10T11:25:45.628Z"}
{"type":"PLUGIN","session":"default","level":"info","message":"   PLUGIN : Number clients in session : 01","timestamp":"2015-05-10T11:25:45.628Z"}
{"type":"PLUGIN","session":"default","level":"info","message":"   PLUGIN : New client (0) wait...","timestamp":"2015-05-10T11:25:45.629Z"}
{"type":"API","session":"default","level":"info","message":"   API : GetClients nb client 1 in session default","timestamp":"2015-05-10T11:25:45.687Z"}
{"type":"PLUGIN","session":"default","level":"info","message":"   PLUGIN : Send Refresh clientlist to dashboard (1)[Mozilla/5.0 (X11; Linux i686) AppleWebKit/537.36 (KHTML, like Gecko) Chrome/42.0.2311.135 Safari/537.36] on sessionid : default socketid = 7fuFQa_cHJnx5EaVAAAt","timestamp":"2015-05-10T11:25:46.245Z"}
{"type":"PLUGIN","session":"default","level":"info","message":"   PLUGIN : New client (1)[Mozilla/5.0 (X11; Linux i686) AppleWebKit/537.36 (KHTML, like Gecko) Chrome/42.0.2311.135 Safari/537.36] on sessionid : default socketid = 7fuFQa_cHJnx5EaVAAAt","timestamp":"2015-05-10T11:25:46.246Z"}
{"type":"PLUGIN","session":"default","level":"info","message":"   PLUGIN : Number clients in session : 11","timestamp":"2015-05-10T11:25:46.246Z"}
{"type":"PLUGIN","session":"default","level":"info","message":"   PLUGIN : New client (1) wait...","timestamp":"2015-05-10T11:25:46.246Z"}
{"type":"API","session":"default","level":"info","message":"   API : GetClients nb client 2 in session default","timestamp":"2015-05-10T11:25:46.263Z"}
{"type":"PLUGIN","session":"default","level":"info","message":"   PLUGIN : Send Refresh clientlist to dashboard (2)[Mozilla/5.0 (X11; Linux i686) AppleWebKit/537.36 (KHTML, like Gecko) Chrome/42.0.2311.135 Safari/537.36] on sessionid : default socketid = Y8Qhw_6psd5pR1MlAAAv","timestamp":"2015-05-10T11:25:47.304Z"}
{"type":"PLUGIN","session":"default","level":"info","message":"   PLUGIN : New client (2)[Mozilla/5.0 (X11; Linux i686) AppleWebKit/537.36 (KHTML, like Gecko) Chrome/42.0.2311.135 Safari/537.36] on sessionid : default socketid = Y8Qhw_6psd5pR1MlAAAv","timestamp":"2015-05-10T11:25:47.305Z"}
{"type":"PLUGIN","session":"default","level":"info","message":"   PLUGIN : Number clients in session : 21","timestamp":"2015-05-10T11:25:47.305Z"}
{"type":"PLUGIN","session":"default","level":"info","message":"   PLUGIN : New client (2) wait...","timestamp":"2015-05-10T11:25:47.305Z"}
{"type":"API","session":"default","level":"info","message":"   API : GetClients nb client 3 in session default","timestamp":"2015-05-10T11:25:47.321Z"}
{"type":"PLUGIN","session":"default","level":"info","message":"   PLUGIN : Send Refresh clientlist to dashboard (3)[Mozilla/5.0 (X11; Linux i686) AppleWebKit/537.36 (KHTML, like Gecko) Chrome/42.0.2311.135 Safari/537.36] on sessionid : default socketid = dvg_r9c1LbDNKK-yAAAx","timestamp":"2015-05-10T11:25:47.351Z"}
{"type":"PLUGIN","session":"default","level":"info","message":"   PLUGIN : New client (3)[Mozilla/5.0 (X11; Linux i686) AppleWebKit/537.36 (KHTML, like Gecko) Chrome/42.0.2311.135 Safari/537.36] on sessionid : default socketid = dvg_r9c1LbDNKK-yAAAx","timestamp":"2015-05-10T11:25:47.352Z"}
{"type":"PLUGIN","session":"default","level":"info","message":"   PLUGIN : Number clients in session : 31","timestamp":"2015-05-10T11:25:47.353Z"}
{"type":"PLUGIN","session":"default","level":"info","message":"   PLUGIN : New client (3) wait...","timestamp":"2015-05-10T11:25:47.353Z"}
{"type":"API","session":"default","level":"info","message":"   API : GetClients nb client 4 in session default","timestamp":"2015-05-10T11:25:47.378Z"}
{"type":"PLUGIN","session":"default","level":"info","message":"   PLUGIN : Delete client socket 7fuFQa_cHJnx5EaVAAAt for session default(default) ","timestamp":"2015-05-10T11:25:47.887Z"}
{"type":"DASHBOARD","dashboard":"default","level":"info","message":"   DASHBOARD : Delete dashboard socket p773uEKbTAC4xlBJAAAc for session default(default)","timestamp":"2015-05-10T11:26:13.420Z"}
{"type":"API","session":"default","level":"info","message":"   API : GetClients nb client 3 in session default","timestamp":"2015-05-10T11:26:13.927Z"}
{"type":"DASHBOARD","session":"default","level":"info","message":"   DASHBOARD : New Dashboard with session id : default","timestamp":"2015-05-10T11:26:14.425Z"}
{"type":"DASHBOARD","session":"default","level":"info","message":"   DASHBOARD : Client selected for this dashboad = ce6d4160-000e-4c56-9e6a-ae92ae058366","timestamp":"2015-05-10T11:26:14.425Z"}
{"type":"DASHBOARD","session":"default","level":"info","message":"   DASHBOARD : Change currentClient on dashboar919e0c49-d052-4106-a69e-2ae586b79800","timestamp":"2015-05-10T11:26:14.425Z"}
{"type":"DASHBOARD","session":"default","level":"info","message":"   DASHBOARD : Wait this socketid again ... (0y_70L4riYjc5ntxAAAr)","timestamp":"2015-05-10T11:26:14.426Z"}
{"type":"DASHBOARD","session":"default","level":"info","message":"   DASHBOARD : Wait this socketid again ... (7fuFQa_cHJnx5EaVAAAt)","timestamp":"2015-05-10T11:26:14.426Z"}
{"type":"DASHBOARD","session":"default","level":"info","message":"   DASHBOARD : Wait this socketid again ... (Y8Qhw_6psd5pR1MlAAAv)","timestamp":"2015-05-10T11:26:14.426Z"}
{"type":"DASHBOARD","session":"default","level":"info","message":"   DASHBOARD : Send helo to this socketid : dvg_r9c1LbDNKK-yAAAx","timestamp":"2015-05-10T11:26:14.427Z"}
{"type":"DASHBOARD","session":"default","level":"info","message":"   DASHBOARD : Send helo to Dashboard on this sessionid : default","timestamp":"2015-05-10T11:26:14.428Z"}
{"type":"DASHBOARD","dashboard":"default","level":"info","message":"   DASHBOARD : Delete dashboard socket QF2jszQeybYJokk0AAAz for session default(default)","timestamp":"2015-05-10T11:26:16.989Z"}
{"type":"API","session":"default","level":"info","message":"   API : GetClients nb client 3 in session default","timestamp":"2015-05-10T11:26:17.287Z"}
{"type":"DASHBOARD","session":"default","level":"info","message":"   DASHBOARD : New Dashboard with session id : default","timestamp":"2015-05-10T11:26:17.711Z"}
{"type":"DASHBOARD","session":"default","level":"info","message":"   DASHBOARD : Client selected for this dashboad = 29297d0b-5147-45d1-9f8a-7f903a40841b","timestamp":"2015-05-10T11:26:17.711Z"}
{"type":"DASHBOARD","session":"default","level":"info","message":"   DASHBOARD : Change currentClient on dashboar919e0c49-d052-4106-a69e-2ae586b79800","timestamp":"2015-05-10T11:26:17.712Z"}
{"type":"DASHBOARD","session":"default","level":"info","message":"   DASHBOARD : Wait this socketid again ... (0y_70L4riYjc5ntxAAAr)","timestamp":"2015-05-10T11:26:17.712Z"}
{"type":"DASHBOARD","session":"default","level":"info","message":"   DASHBOARD : Wait this socketid again ... (7fuFQa_cHJnx5EaVAAAt)","timestamp":"2015-05-10T11:26:17.712Z"}
{"type":"DASHBOARD","session":"default","level":"info","message":"   DASHBOARD : Send helo to this socketid : Y8Qhw_6psd5pR1MlAAAv","timestamp":"2015-05-10T11:26:17.713Z"}
{"type":"DASHBOARD","session":"default","level":"info","message":"   DASHBOARD : Wait this socketid again ... (dvg_r9c1LbDNKK-yAAAx)","timestamp":"2015-05-10T11:26:17.713Z"}
{"type":"DASHBOARD","session":"default","level":"info","message":"   DASHBOARD : Send helo to Dashboard on this sessionid : default","timestamp":"2015-05-10T11:26:17.713Z"}
{"type":"DASHBOARD","session":"default","level":"info","message":"   DASHBOARD : Send message to socketid : Y8Qhw_6psd5pR1MlAAAv","timestamp":"2015-05-10T11:26:23.863Z"}
{"type":"DASHBOARD","session":"default","level":"info","message":"   DASHBOARD : Send 3 message(s)","timestamp":"2015-05-10T11:26:23.864Z"}
{"type":"DASHBOARD","session":"default","level":"info","message":"   DASHBOARD : Send message to socketid : Y8Qhw_6psd5pR1MlAAAv","timestamp":"2015-05-10T11:26:23.886Z"}
{"type":"DASHBOARD","session":"default","level":"info","message":"   DASHBOARD : Send 3 message(s)","timestamp":"2015-05-10T11:26:23.887Z"}
{"type":"DASHBOARD","session":"default","level":"info","message":"   DASHBOARD : Send message to socketid : Y8Qhw_6psd5pR1MlAAAv","timestamp":"2015-05-10T11:26:25.683Z"}
{"type":"DASHBOARD","session":"default","level":"info","message":"   DASHBOARD : Send 3 message(s)","timestamp":"2015-05-10T11:26:25.684Z"}
{"type":"DASHBOARD","session":"default","level":"info","message":"   DASHBOARD : Send message to socketid : Y8Qhw_6psd5pR1MlAAAv","timestamp":"2015-05-10T11:26:25.774Z"}
{"type":"DASHBOARD","session":"default","level":"info","message":"   DASHBOARD : Send 3 message(s)","timestamp":"2015-05-10T11:26:25.775Z"}
{"type":"DASHBOARD","session":"default","level":"info","message":"   DASHBOARD : Send message to socketid : Y8Qhw_6psd5pR1MlAAAv","timestamp":"2015-05-10T11:26:48.305Z"}
{"type":"DASHBOARD","session":"default","level":"info","message":"   DASHBOARD : Send 3 message(s)","timestamp":"2015-05-10T11:26:48.306Z"}
{"type":"DASHBOARD","session":"default","level":"info","message":"   DASHBOARD : Send message to socketid : Y8Qhw_6psd5pR1MlAAAv","timestamp":"2015-05-10T11:26:50.382Z"}
{"type":"DASHBOARD","session":"default","level":"info","message":"   DASHBOARD : Send 3 message(s)","timestamp":"2015-05-10T11:26:50.383Z"}
{"type":"DASHBOARD","session":"default","level":"info","message":"   DASHBOARD : Send message to socketid : Y8Qhw_6psd5pR1MlAAAv","timestamp":"2015-05-10T11:27:23.769Z"}
{"type":"DASHBOARD","session":"default","level":"info","message":"   DASHBOARD : Send 3 message(s)","timestamp":"2015-05-10T11:27:23.769Z"}
{"type":"DASHBOARD","session":"default","level":"info","message":"   DASHBOARD : Send message to socketid : Y8Qhw_6psd5pR1MlAAAv","timestamp":"2015-05-10T11:27:25.297Z"}
{"type":"DASHBOARD","session":"default","level":"info","message":"   DASHBOARD : Send 3 message(s)","timestamp":"2015-05-10T11:27:25.298Z"}
{"type":"DASHBOARD","dashboard":"default","level":"info","message":"   DASHBOARD : Delete dashboard socket LwJnW7JxvmsH_YM7AAA1 for session default(default)","timestamp":"2015-05-10T11:27:33.759Z"}
{"type":"PLUGIN","session":"default","level":"info","message":"   PLUGIN : Send RefreshClients to Dashboard 0y_70L4riYjc5ntxAAAr for session default(default) ","timestamp":"2015-05-10T11:27:57.741Z"}
{"type":"PLUGIN","session":"default","level":"info","message":"   PLUGIN : Client Close 0y_70L4riYjc5ntxAAAr for session default(default) ","timestamp":"2015-05-10T11:27:57.742Z"}
{"type":"PLUGIN","session":"default","level":"info","message":"   PLUGIN : Send RefreshClients to Dashboard Y8Qhw_6psd5pR1MlAAAv for session default(default) ","timestamp":"2015-05-10T11:27:57.749Z"}
{"type":"PLUGIN","session":"default","level":"info","message":"   PLUGIN : Client Close Y8Qhw_6psd5pR1MlAAAv for session default(default) ","timestamp":"2015-05-10T11:27:57.750Z"}
{"type":"PLUGIN","session":"default","level":"info","message":"   PLUGIN : Send RefreshClients to Dashboard dvg_r9c1LbDNKK-yAAAx for session default(default) ","timestamp":"2015-05-10T11:27:57.763Z"}
{"type":"PLUGIN","session":"default","level":"info","message":"   PLUGIN : Client Close dvg_r9c1LbDNKK-yAAAx for session default(default) ","timestamp":"2015-05-10T11:27:57.764Z"}
{"type":"PLUGIN","session":"default","level":"info","message":"   PLUGIN : Delete client socket Y8Qhw_6psd5pR1MlAAAv for session default(default) ","timestamp":"2015-05-10T11:27:57.910Z"}
{"type":"PLUGIN","session":"default","level":"info","message":"   PLUGIN : Delete client socket dvg_r9c1LbDNKK-yAAAx for session default(default) ","timestamp":"2015-05-10T11:27:57.915Z"}
{"type":"PLUGIN","session":"default","level":"info","message":"   PLUGIN : Delete client socket 0y_70L4riYjc5ntxAAAr for session default(default) ","timestamp":"2015-05-10T11:27:57.920Z"}
